[
  {
    "Plan": {
      "Node Type": "Gather",
      "Parallel Aware": false,
      "Async Capable": false,
      "Startup Cost": 5366.32,
      "Total Cost": 39366.99,
      "Plan Rows": 150,
      "Plan Width": 265,
      "Actual Startup Time": 24.085,
      "Actual Total Time": 25.981,
      "Actual Rows": 0,
      "Actual Loops": 1,
      "Output": [
        "c.c_custkey",
        "c.c_name",
        "c.c_address",
        "c.c_nationkey",
        "c.c_phone",
        "c.c_acctbal",
        "c.c_mktsegment",
        "c.c_comment",
        "o.o_orderkey",
        "o.o_custkey",
        "o.o_orderstatus",
        "o.o_totalprice",
        "o.o_orderdate",
        "o.o_orderpriority",
        "o.o_clerk",
        "o.o_shippriority",
        "o.o_comment"
      ],
      "Workers Planned": 2,
      "Workers Launched": 2,
      "Single Copy": false,
      "Shared Hit Blocks": 3777,
      "Shared Read Blocks": 0,
      "Shared Dirtied Blocks": 0,
      "Shared Written Blocks": 0,
      "Local Hit Blocks": 0,
      "Local Read Blocks": 0,
      "Local Dirtied Blocks": 0,
      "Local Written Blocks": 0,
      "Temp Read Blocks": 0,
      "Temp Written Blocks": 0,
      "Plans": [
        {
          "Node Type": "Hash Join",
          "Parent Relationship": "Outer",
          "Parallel Aware": true,
          "Async Capable": false,
          "Join Type": "Inner",
          "Startup Cost": 4366.32,
          "Total Cost": 38351.99,
          "Plan Rows": 62,
          "Plan Width": 265,
          "Actual Startup Time": 6.828,
          "Actual Total Time": 6.829,
          "Actual Rows": 0,
          "Actual Loops": 3,
          "Output": [
            "c.c_custkey",
            "c.c_name",
            "c.c_address",
            "c.c_nationkey",
            "c.c_phone",
            "c.c_acctbal",
            "c.c_mktsegment",
            "c.c_comment",
            "o.o_orderkey",
            "o.o_custkey",
            "o.o_orderstatus",
            "o.o_totalprice",
            "o.o_orderdate",
            "o.o_orderpriority",
            "o.o_clerk",
            "o.o_shippriority",
            "o.o_comment"
          ],
          "Inner Unique": true,
          "Hash Cond": "(o.o_custkey = c.c_custkey)",
          "Shared Hit Blocks": 3777,
          "Shared Read Blocks": 0,
          "Shared Dirtied Blocks": 0,
          "Shared Written Blocks": 0,
          "Local Hit Blocks": 0,
          "Local Read Blocks": 0,
          "Local Dirtied Blocks": 0,
          "Local Written Blocks": 0,
          "Temp Read Blocks": 0,
          "Temp Written Blocks": 0,
          "Workers": [
            {
              "Worker Number": 0,
              "Actual Startup Time": 0.155,
              "Actual Total Time": 0.156,
              "Actual Rows": 0,
              "Actual Loops": 1,
              "Shared Hit Blocks": 96,
              "Shared Read Blocks": 0,
              "Shared Dirtied Blocks": 0,
              "Shared Written Blocks": 0,
              "Local Hit Blocks": 0,
              "Local Read Blocks": 0,
              "Local Dirtied Blocks": 0,
              "Local Written Blocks": 0,
              "Temp Read Blocks": 0,
              "Temp Written Blocks": 0
            },
            {
              "Worker Number": 1,
              "Actual Startup Time": 0.211,
              "Actual Total Time": 0.211,
              "Actual Rows": 0,
              "Actual Loops": 1,
              "Shared Hit Blocks": 96,
              "Shared Read Blocks": 0,
              "Shared Dirtied Blocks": 0,
              "Shared Written Blocks": 0,
              "Local Hit Blocks": 0,
              "Local Read Blocks": 0,
              "Local Dirtied Blocks": 0,
              "Local Written Blocks": 0,
              "Temp Read Blocks": 0,
              "Temp Written Blocks": 0
            }
          ],
          "Plans": [
            {
              "Node Type": "Seq Scan",
              "Parent Relationship": "Outer",
              "Parallel Aware": true,
              "Async Capable": false,
              "Relation Name": "orders",
              "Schema": "public",
              "Alias": "o",
              "Startup Cost": 0.00,
              "Total Cost": 32345.00,
              "Plan Rows": 625000,
              "Plan Width": 107,
              "Actual Startup Time": 0.000,
              "Actual Total Time": 0.000,
              "Actual Rows": 0,
              "Actual Loops": 0,
              "Output": [
                "o.o_orderkey",
                "o.o_custkey",
                "o.o_orderstatus",
                "o.o_totalprice",
                "o.o_orderdate",
                "o.o_orderpriority",
                "o.o_clerk",
                "o.o_shippriority",
                "o.o_comment"
              ],
              "Shared Hit Blocks": 0,
              "Shared Read Blocks": 0,
              "Shared Dirtied Blocks": 0,
              "Shared Written Blocks": 0,
              "Local Hit Blocks": 0,
              "Local Read Blocks": 0,
              "Local Dirtied Blocks": 0,
              "Local Written Blocks": 0,
              "Temp Read Blocks": 0,
              "Temp Written Blocks": 0,
              "Workers": [
              ]
            },
            {
              "Node Type": "Hash",
              "Parent Relationship": "Inner",
              "Parallel Aware": true,
              "Async Capable": false,
              "Startup Cost": 4366.25,
              "Total Cost": 4366.25,
              "Plan Rows": 6,
              "Plan Width": 158,
              "Actual Startup Time": 6.696,
              "Actual Total Time": 6.696,
              "Actual Rows": 0,
              "Actual Loops": 3,
              "Output": [
                "c.c_custkey",
                "c.c_name",
                "c.c_address",
                "c.c_nationkey",
                "c.c_phone",
                "c.c_acctbal",
                "c.c_mktsegment",
                "c.c_comment"
              ],
              "Hash Buckets": 1024,
              "Original Hash Buckets": 1024,
              "Hash Batches": 1,
              "Original Hash Batches": 1,
              "Peak Memory Usage": 0,
              "Shared Hit Blocks": 3585,
              "Shared Read Blocks": 0,
              "Shared Dirtied Blocks": 0,
              "Shared Written Blocks": 0,
              "Local Hit Blocks": 0,
              "Local Read Blocks": 0,
              "Local Dirtied Blocks": 0,
              "Local Written Blocks": 0,
              "Temp Read Blocks": 0,
              "Temp Written Blocks": 0,
              "Workers": [
                {
                  "Worker Number": 0,
                  "Actual Startup Time": 0.010,
                  "Actual Total Time": 0.010,
                  "Actual Rows": 0,
                  "Actual Loops": 1,
                  "Shared Hit Blocks": 0,
                  "Shared Read Blocks": 0,
                  "Shared Dirtied Blocks": 0,
                  "Shared Written Blocks": 0,
                  "Local Hit Blocks": 0,
                  "Local Read Blocks": 0,
                  "Local Dirtied Blocks": 0,
                  "Local Written Blocks": 0,
                  "Temp Read Blocks": 0,
                  "Temp Written Blocks": 0
                },
                {
                  "Worker Number": 1,
                  "Actual Startup Time": 0.013,
                  "Actual Total Time": 0.013,
                  "Actual Rows": 0,
                  "Actual Loops": 1,
                  "Shared Hit Blocks": 0,
                  "Shared Read Blocks": 0,
                  "Shared Dirtied Blocks": 0,
                  "Shared Written Blocks": 0,
                  "Local Hit Blocks": 0,
                  "Local Read Blocks": 0,
                  "Local Dirtied Blocks": 0,
                  "Local Written Blocks": 0,
                  "Temp Read Blocks": 0,
                  "Temp Written Blocks": 0
                }
              ],
              "Plans": [
                {
                  "Node Type": "Seq Scan",
                  "Parent Relationship": "Outer",
                  "Parallel Aware": true,
                  "Async Capable": false,
                  "Relation Name": "customer",
                  "Schema": "public",
                  "Alias": "c",
                  "Startup Cost": 0.00,
                  "Total Cost": 4366.25,
                  "Plan Rows": 6,
                  "Plan Width": 158,
                  "Actual Startup Time": 20.063,
                  "Actual Total Time": 20.063,
                  "Actual Rows": 0,
                  "Actual Loops": 1,
                  "Output": [
                    "c.c_custkey",
                    "c.c_name",
                    "c.c_address",
                    "c.c_nationkey",
                    "c.c_phone",
                    "c.c_acctbal",
                    "c.c_mktsegment",
                    "c.c_comment"
                  ],
                  "Filter": "((c.c_name)::text ~~ '%cheng'::text)",
                  "Rows Removed by Filter": 150000,
                  "Shared Hit Blocks": 3585,
                  "Shared Read Blocks": 0,
                  "Shared Dirtied Blocks": 0,
                  "Shared Written Blocks": 0,
                  "Local Hit Blocks": 0,
                  "Local Read Blocks": 0,
                  "Local Dirtied Blocks": 0,
                  "Local Written Blocks": 0,
                  "Temp Read Blocks": 0,
                  "Temp Written Blocks": 0,
                  "Workers": [
                  ]
                }
              ]
            }
          ]
        }
      ]
    },
    "Planning": {
      "Shared Hit Blocks": 8,
      "Shared Read Blocks": 0,
      "Shared Dirtied Blocks": 0,
      "Shared Written Blocks": 0,
      "Local Hit Blocks": 0,
      "Local Read Blocks": 0,
      "Local Dirtied Blocks": 0,
      "Local Written Blocks": 0,
      "Temp Read Blocks": 0,
      "Temp Written Blocks": 0
    },
    "Planning Time": 0.167,
    "Triggers": [
    ],
    "Execution Time": 26.002
  }
]